build/android/Rooted/app/build/intermediates/manifest_merge_blame_file/debug/manifest-merger-blame-debug-report.txt
1<?xml version="1.0" encoding="utf-8"?>
2<!-- Replace com.test.game with the identifier of your game below, e.g. com.gamemaker.game -->
3<manifest xmlns:android="http://schemas.android.com/apk/res/android"
4    package="edu.cornell.gdiac.rooted.G94D1D8D"
5    android:installLocation="auto"
6    android:versionCode="1"
7    android:versionName="1.0" >
8
9    <uses-sdk
10        android:minSdkVersion="26"
11        android:targetSdkVersion="34" />
12
13    <!-- OpenGL ES 3.0 -->
14    <uses-feature android:glEsVersion="0x00030000" />
14-->src/main/AndroidManifest.xml:9:5-54
14-->src/main/AndroidManifest.xml:9:19-51
15
16    <!-- Touchscreen support -->
17    <uses-feature
17-->src/main/AndroidManifest.xml:12:5-14:36
18        android:name="android.hardware.touchscreen"
18-->src/main/AndroidManifest.xml:13:9-52
19        android:required="false" />
19-->src/main/AndroidManifest.xml:14:9-33
20
21    <!-- Game controller support -->
22    <uses-feature
22-->src/main/AndroidManifest.xml:17:5-19:36
23        android:name="android.hardware.bluetooth"
23-->src/main/AndroidManifest.xml:18:9-50
24        android:required="false" />
24-->src/main/AndroidManifest.xml:19:9-33
25    <uses-feature
25-->src/main/AndroidManifest.xml:20:5-22:36
26        android:name="android.hardware.gamepad"
26-->src/main/AndroidManifest.xml:21:9-48
27        android:required="false" />
27-->src/main/AndroidManifest.xml:22:9-33
28    <uses-feature
28-->src/main/AndroidManifest.xml:23:5-25:36
29        android:name="android.hardware.usb.host"
29-->src/main/AndroidManifest.xml:24:9-49
30        android:required="false" />
30-->src/main/AndroidManifest.xml:25:9-33
31
32    <!-- External mouse input events -->
33    <uses-feature
33-->src/main/AndroidManifest.xml:28:5-30:36
34        android:name="android.hardware.type.pc"
34-->src/main/AndroidManifest.xml:29:9-48
35        android:required="false" />
35-->src/main/AndroidManifest.xml:30:9-33
36
37    <!-- Allow access to the vibrator -->
38    <uses-permission android:name="android.permission.VIBRATE" />
38-->src/main/AndroidManifest.xml:33:5-66
38-->src/main/AndroidManifest.xml:33:22-63
39
40    <!-- Allow downloading to the external storage on Android 5.1 and older -->
41    <uses-permission
41-->src/main/AndroidManifest.xml:36:5-108
42        android:name="android.permission.WRITE_EXTERNAL_STORAGE"
42-->src/main/AndroidManifest.xml:36:22-78
43        android:maxSdkVersion="22" />
43-->src/main/AndroidManifest.xml:36:79-105
44
45    <!-- Allow access to Bluetooth devices -->
46    <!-- Currently this is just for Steam Controller support and requires setting SDL_HINT_JOYSTICK_HIDAPI_STEAM -->
47    <!-- <uses-permission android:name="android.permission.BLUETOOTH" android:maxSdkVersion="30" /> -->
48    <!-- <uses-permission android:name="android.permission.BLUETOOTH_CONNECT" /> -->
49
50
51    <!-- Audio recording support -->
52    <!-- if you want to capture audio, uncomment this. -->
53    <!--
54         <uses-feature
55        android:name="android.hardware.microphone"
56        android:required="false" />
57    -->
58
59
60    <!-- if you want to capture audio, uncomment this. -->
61    <!-- <uses-permission android:name="android.permission.RECORD_AUDIO" /> -->
62
63
64    <!-- Networking support -->
65    <uses-permission android:name="android.permission.INTERNET" />
65-->src/main/AndroidManifest.xml:53:5-67
65-->src/main/AndroidManifest.xml:53:22-64
66    <uses-permission android:name="android.permission.ACCESS_NETWORK_STATE" />
66-->src/main/AndroidManifest.xml:54:5-79
66-->src/main/AndroidManifest.xml:54:22-76
67    <uses-permission android:name="android.permission.ACCESS_WIFI_STATE" />
67-->src/main/AndroidManifest.xml:55:5-76
67-->src/main/AndroidManifest.xml:55:22-73
68
69    <permission
69-->[androidx.core:core:1.9.0] AndroidManifest.xml:22:5-24:47
70        android:name="edu.cornell.gdiac.rooted.G94D1D8D.DYNAMIC_RECEIVER_NOT_EXPORTED_PERMISSION"
70-->[androidx.core:core:1.9.0] AndroidManifest.xml:23:9-81
71        android:protectionLevel="signature" />
71-->[androidx.core:core:1.9.0] AndroidManifest.xml:24:9-44
72
73    <uses-permission android:name="edu.cornell.gdiac.rooted.G94D1D8D.DYNAMIC_RECEIVER_NOT_EXPORTED_PERMISSION" />
73-->[androidx.core:core:1.9.0] AndroidManifest.xml:26:5-97
73-->[androidx.core:core:1.9.0] AndroidManifest.xml:26:22-94
74
75    <application
75-->src/main/AndroidManifest.xml:57:5-78:19
76        android:allowBackup="true"
76-->src/main/AndroidManifest.xml:59:9-35
77        android:appComponentFactory="androidx.core.app.CoreComponentFactory"
77-->[androidx.core:core:1.9.0] AndroidManifest.xml:28:18-86
78        android:debuggable="true"
79        android:extractNativeLibs="false"
80        android:hardwareAccelerated="true"
80-->src/main/AndroidManifest.xml:61:9-43
81        android:icon="@mipmap/ic_launcher"
81-->src/main/AndroidManifest.xml:58:9-43
82        android:label="@string/app_name"
82-->src/main/AndroidManifest.xml:57:18-50
83        android:testOnly="true"
84        android:theme="@style/Theme.SDL" >
84-->src/main/AndroidManifest.xml:60:9-41
85        <activity
85-->src/main/AndroidManifest.xml:63:9-77:20
86            android:name="edu.cornell.gdiac.rooted.G94D1D8D.Rooted"
86-->src/main/AndroidManifest.xml:63:19-40
87            android:configChanges="keyboardHidden|orientation"
87-->src/main/AndroidManifest.xml:65:13-63
88            android:exported="true"
88-->src/main/AndroidManifest.xml:68:13-36
89            android:label="@string/app_name"
89-->src/main/AndroidManifest.xml:64:13-45
90            android:screenOrientation="landscape"
90-->src/main/AndroidManifest.xml:67:13-50
91            android:theme="@style/Theme.SDL.Starting" >
91-->src/main/AndroidManifest.xml:66:13-54
92            <intent-filter>
92-->src/main/AndroidManifest.xml:69:13-72:29
93                <action android:name="android.intent.action.MAIN" />
93-->src/main/AndroidManifest.xml:70:17-69
93-->src/main/AndroidManifest.xml:70:25-66
94
95                <category android:name="android.intent.category.LAUNCHER" />
95-->src/main/AndroidManifest.xml:71:17-77
95-->src/main/AndroidManifest.xml:71:27-74
96            </intent-filter>
97            <!-- Let Android know that we can handle some USB devices and should receive this event -->
98            <intent-filter>
98-->src/main/AndroidManifest.xml:74:13-76:29
99                <action android:name="android.hardware.usb.action.USB_DEVICE_ATTACHED" />
99-->src/main/AndroidManifest.xml:75:17-90
99-->src/main/AndroidManifest.xml:75:25-87
100            </intent-filter>
101        </activity>
102
103        <provider
103-->[androidx.emoji2:emoji2:1.2.0] AndroidManifest.xml:24:9-32:20
104            android:name="androidx.startup.InitializationProvider"
104-->[androidx.emoji2:emoji2:1.2.0] AndroidManifest.xml:25:13-67
105            android:authorities="edu.cornell.gdiac.rooted.G94D1D8D.androidx-startup"
105-->[androidx.emoji2:emoji2:1.2.0] AndroidManifest.xml:26:13-68
106            android:exported="false" >
106-->[androidx.emoji2:emoji2:1.2.0] AndroidManifest.xml:27:13-37
107            <meta-data
107-->[androidx.emoji2:emoji2:1.2.0] AndroidManifest.xml:29:13-31:52
108                android:name="androidx.emoji2.text.EmojiCompatInitializer"
108-->[androidx.emoji2:emoji2:1.2.0] AndroidManifest.xml:30:17-75
109                android:value="androidx.startup" />
109-->[androidx.emoji2:emoji2:1.2.0] AndroidManifest.xml:31:17-49
110            <meta-data
110-->[androidx.lifecycle:lifecycle-process:2.6.1] AndroidManifest.xml:29:13-31:52
111                android:name="androidx.lifecycle.ProcessLifecycleInitializer"
111-->[androidx.lifecycle:lifecycle-process:2.6.1] AndroidManifest.xml:30:17-78
112                android:value="androidx.startup" />
112-->[androidx.lifecycle:lifecycle-process:2.6.1] AndroidManifest.xml:31:17-49
113            <meta-data
113-->[androidx.profileinstaller:profileinstaller:1.3.0] AndroidManifest.xml:29:13-31:52
114                android:name="androidx.profileinstaller.ProfileInstallerInitializer"
114-->[androidx.profileinstaller:profileinstaller:1.3.0] AndroidManifest.xml:30:17-85
115                android:value="androidx.startup" />
115-->[androidx.profileinstaller:profileinstaller:1.3.0] AndroidManifest.xml:31:17-49
116        </provider>
117
118        <receiver
118-->[androidx.profileinstaller:profileinstaller:1.3.0] AndroidManifest.xml:34:9-52:20
119            android:name="androidx.profileinstaller.ProfileInstallReceiver"
119-->[androidx.profileinstaller:profileinstaller:1.3.0] AndroidManifest.xml:35:13-76
120            android:directBootAware="false"
120-->[androidx.profileinstaller:profileinstaller:1.3.0] AndroidManifest.xml:36:13-44
121            android:enabled="true"
121-->[androidx.profileinstaller:profileinstaller:1.3.0] AndroidManifest.xml:37:13-35
122            android:exported="true"
122-->[androidx.profileinstaller:profileinstaller:1.3.0] AndroidManifest.xml:38:13-36
123            android:permission="android.permission.DUMP" >
123-->[androidx.profileinstaller:profileinstaller:1.3.0] AndroidManifest.xml:39:13-57
124            <intent-filter>
124-->[androidx.profileinstaller:profileinstaller:1.3.0] AndroidManifest.xml:40:13-42:29
125                <action android:name="androidx.profileinstaller.action.INSTALL_PROFILE" />
125-->[androidx.profileinstaller:profileinstaller:1.3.0] AndroidManifest.xml:41:17-91
125-->[androidx.profileinstaller:profileinstaller:1.3.0] AndroidManifest.xml:41:25-88
126            </intent-filter>
127            <intent-filter>
127-->[androidx.profileinstaller:profileinstaller:1.3.0] AndroidManifest.xml:43:13-45:29
128                <action android:name="androidx.profileinstaller.action.SKIP_FILE" />
128-->[androidx.profileinstaller:profileinstaller:1.3.0] AndroidManifest.xml:44:17-85
128-->[androidx.profileinstaller:profileinstaller:1.3.0] AndroidManifest.xml:44:25-82
129            </intent-filter>
130            <intent-filter>
130-->[androidx.profileinstaller:profileinstaller:1.3.0] AndroidManifest.xml:46:13-48:29
131                <action android:name="androidx.profileinstaller.action.SAVE_PROFILE" />
131-->[androidx.profileinstaller:profileinstaller:1.3.0] AndroidManifest.xml:47:17-88
131-->[androidx.profileinstaller:profileinstaller:1.3.0] AndroidManifest.xml:47:25-85
132            </intent-filter>
133            <intent-filter>
133-->[androidx.profileinstaller:profileinstaller:1.3.0] AndroidManifest.xml:49:13-51:29
134                <action android:name="androidx.profileinstaller.action.BENCHMARK_OPERATION" />
134-->[androidx.profileinstaller:profileinstaller:1.3.0] AndroidManifest.xml:50:17-95
134-->[androidx.profileinstaller:profileinstaller:1.3.0] AndroidManifest.xml:50:25-92
135            </intent-filter>
136        </receiver>
137    </application>
138
139</manifest>